<?xml version="1.0" encoding="UTF-8"?>
<testng-results ignored="0" total="1" passed="1" failed="0" skipped="0">
  <reporter-output>
  </reporter-output>
  <suite started-at="2023-10-07T23:45:11 IST" name="Default suite" finished-at="2023-10-07T23:45:41 IST" duration-ms="29421">
    <groups>
    </groups>
    <test started-at="2023-10-07T23:45:11 IST" name="Default test" finished-at="2023-10-07T23:45:41 IST" duration-ms="29421">
      <class name="testCases.VerifySignUp">
        <test-method signature="signUp()[pri:0, instance:testCases.VerifySignUp@799f10e1]" started-at="2023-10-07T23:45:12 IST" name="signUp" finished-at="2023-10-07T23:45:41 IST" duration-ms="29229" status="PASS">
          <reporter-output>
          </reporter-output>
        </test-method> <!-- signUp -->
      </class> <!-- testCases.VerifySignUp -->
    </test> <!-- Default test -->
  </suite> <!-- Default suite -->
</testng-results>
